# JRE version: Java(TM) SE Runtime Environment (8.0_191-b12) (build 1.8.0_191-b12)
# Java VM: Java HotSpot(TM) 64-Bit Server VM (25.191-b12 mixed mode windows-amd64 compressed oops)
Heap:
 PSYoungGen      total 56320K, used 11107K [0x0000000781600000, 0x0000000785480000, 0x00000007c0000000)
  eden space 48640K, 10% used [0x0000000781600000,0x0000000781b14d08,0x0000000784580000)
  from space 7680K, 76% used [0x0000000784d00000,0x00000007852c41d0,0x0000000785480000)
  to   space 7680K, 0% used [0x0000000784580000,0x0000000784580000,0x0000000784d00000)
 ParOldGen       total 128512K, used 24K [0x0000000704200000, 0x000000070bf80000, 0x0000000781600000)
  object space 128512K, 0% used [0x0000000704200000,0x0000000704206000,0x000000070bf80000)
 Metaspace       used 13257K, capacity 14202K, committed 14464K, reserved 1062912K
  class space    used 1669K, capacity 1885K, committed 1920K, reserved 1048576K
GC Heap History (4 events):
Event: 1.083 GC heap before
{Heap before GC invocations=1 (full 0):
 PSYoungGen      total 56320K, used 48640K [0x0000000781600000, 0x0000000785480000, 0x00000007c0000000)
  eden space 48640K, 100% used [0x0000000781600000,0x0000000784580000,0x0000000784580000)
  from space 7680K, 0% used [0x0000000784d00000,0x0000000784d00000,0x0000000785480000)
  to   space 7680K, 0% used [0x0000000784580000,0x0000000784580000,0x0000000784d00000)
 ParOldGen       total 128512K, used 0K [0x0000000704200000, 0x000000070bf80000, 0x0000000781600000)
  object space 128512K, 0% used [0x0000000704200000,0x0000000704200000,0x000000070bf80000)
 Metaspace       used 9550K, capacity 10332K, committed 10368K, reserved 1058816K
  class space    used 1196K, capacity 1380K, committed 1408K, reserved 1048576K
Event: 1.089 GC heap after
Heap after GC invocations=1 (full 0):
 PSYoungGen      total 56320K, used 5269K [0x0000000781600000, 0x0000000785480000, 0x00000007c0000000)
  eden space 48640K, 0% used [0x0000000781600000,0x0000000781600000,0x0000000784580000)
  from space 7680K, 68% used [0x0000000784580000,0x0000000784aa5678,0x0000000784d00000)
  to   space 7680K, 0% used [0x0000000784d00000,0x0000000784d00000,0x0000000785480000)
 ParOldGen       total 128512K, used 16K [0x0000000704200000, 0x000000070bf80000, 0x0000000781600000)
  object space 128512K, 0% used [0x0000000704200000,0x0000000704204000,0x000000070bf80000)
 Metaspace       used 9550K, capacity 10332K, committed 10368K, reserved 1058816K
  class space    used 1196K, capacity 1380K, committed 1408K, reserved 1048576K
}
Event: 1.563 GC heap before
{Heap before GC invocations=2 (full 0):
 PSYoungGen      total 56320K, used 53909K [0x0000000781600000, 0x0000000785480000, 0x00000007c0000000)
  eden space 48640K, 100% used [0x0000000781600000,0x0000000784580000,0x0000000784580000)
  from space 7680K, 68% used [0x0000000784580000,0x0000000784aa5678,0x0000000784d00000)
  to   space 7680K, 0% used [0x0000000784d00000,0x0000000784d00000,0x0000000785480000)
 ParOldGen       total 128512K, used 16K [0x0000000704200000, 0x000000070bf80000, 0x0000000781600000)
  object space 128512K, 0% used [0x0000000704200000,0x0000000704204000,0x000000070bf80000)
 Metaspace       used 12917K, capacity 13876K, committed 14208K, reserved 1060864K
  class space    used 1634K, capacity 1820K, committed 1920K, reserved 1048576K
Event: 1.570 GC heap after
Heap after GC invocations=2 (full 0):
 PSYoungGen      total 56320K, used 5904K [0x0000000781600000, 0x0000000785480000, 0x00000007c0000000)
  eden space 48640K, 0% used [0x0000000781600000,0x0000000781600000,0x0000000784580000)
  from space 7680K, 76% used [0x0000000784d00000,0x00000007852c41d0,0x0000000785480000)
  to   space 7680K, 0% used [0x0000000784580000,0x0000000784580000,0x0000000784d00000)
 ParOldGen       total 128512K, used 24K [0x0000000704200000, 0x000000070bf80000, 0x0000000781600000)
  object space 128512K, 0% used [0x0000000704200000,0x0000000704206000,0x000000070bf80000)
 Metaspace       used 12917K, capacity 13876K, committed 14208K, reserved 1060864K
  class space    used 1634K, capacity 1820K, committed 1920K, reserved 1048576K
}

